


ARM Macro Assembler    Page 1 


    1 00000000         ;/*-----------------------------------------------------
                       ----------------------------------------------------*/
    2 00000000         ;/*                                                     
                                                                           */
    3 00000000         ;/* SPDX-License-Identifier: Apache-2.0                 
                                                                           */
    4 00000000         ;/*                                                     
                                                                           */
    5 00000000         ;/* Copyright(c) 2009 Nuvoton Technology Corp. All right
                       s reserved.                                         */
    6 00000000         ;/*                                                     
                                                                           */
    7 00000000         ;/*-----------------------------------------------------
                       ----------------------------------------------------*/
    8 00000000         
    9 00000000         ;;;;;;;;;;;;;;;;;;;;;;;;;;;;;;;;;;;;;;;;;;;;;;;;;;;
   10 00000000         
   11 00000000 50000200 
                       CLK_BA_base
                               EQU              0x50000200
   12 00000000 00000000 
                       PWRCON  EQU              0x00
   13 00000000 00000004 
                       AHBCLK  EQU              0x04
   14 00000000 00000008 
                       APBCLK  EQU              0x08
   15 00000000 00000010 
                       CLKSEL0 EQU              0x10
   16 00000000 00000014 
                       CLKSEL1 EQU              0x14
   17 00000000 00000018 
                       CLKDIV  EQU              0x18
   18 00000000 00000020 
                       PLLCON  EQU              0x20
   19 00000000 00000030 
                       TEST_S  EQU              0x30
   20 00000000         
   21 00000000 50000208 
                       CLK_BA_APBCLK
                               EQU              0x50000208
   22 00000000         
   23 00000000         ;// Define clock enable registers  
   24 00000000         
   25 00000000 50000208 
                       ADC_COMP_CLK
                               EQU              0x50000208
   26 00000000 10000000 
                       ADC_enable
                               EQU              0x10000000
   27 00000000 40000000 
                       COMP_enable
                               EQU              0x40000000
   28 00000000         
   29 00000000 50000204 
                       PDMA_CLK
                               EQU              0x50000204
   30 00000000 00000003 
                       PDMA_enable
                               EQU              0x00000003



ARM Macro Assembler    Page 2 


   31 00000000         
   32 00000000         ;;  bit 0  CPU_EN
   33 00000000         ;; bit 1  PDMA_EN
   34 00000000         
   35 00000000         
   36 00000000         
   37 00000000         
   38 00000000         ;// Define COMP registers base
   39 00000000 400D0000 
                       COMP_base
                               EQU              0x400D0000
   40 00000000 00000000 
                       CMP1CR  EQU              0x00
   41 00000000 00000004 
                       CMP2CR  EQU              0x04
   42 00000000 00000008 
                       CMPSR   EQU              0x08
   43 00000000         
   44 00000000         ;// Define ADC registers base
   45 00000000 400E0000 
                       ADC_base
                               EQU              0x400E0000
   46 00000000 00000000 
                       ADDR0   EQU              0x00
   47 00000000 00000004 
                       ADDR1   EQU              0x04
   48 00000000 00000008 
                       ADDR2   EQU              0x08
   49 00000000 0000000C 
                       ADDR3   EQU              0x0c
   50 00000000 00000010 
                       ADDR4   EQU              0x10
   51 00000000 00000014 
                       ADDR5   EQU              0x14
   52 00000000 00000018 
                       ADDR6   EQU              0x18
   53 00000000 0000001C 
                       ADDR7   EQU              0x1c
   54 00000000 00000020 
                       ADCR    EQU              0x20
   55 00000000 00000024 
                       ADCHER  EQU              0x24
   56 00000000 00000028 
                       ADCMPR0 EQU              0x28
   57 00000000 0000002C 
                       ADCMPR1 EQU              0x2c
   58 00000000 00000030 
                       ADSR    EQU              0x30
   59 00000000 00000034 
                       ADCALR  EQU              0x34
   60 00000000 00000038 
                       ADCFCR  EQU              0x38
   61 00000000 0000003C 
                       ADCALD  EQU              0x3c
   62 00000000         
   63 00000000         ;// Pattern Table
   64 00000000 55555555 
                       pattern_55555555
                               EQU              0x55555555



ARM Macro Assembler    Page 3 


   65 00000000 AAAAAAAA 
                       pattern_aaaaaaaa
                               EQU              0xaaaaaaaa
   66 00000000 00005555 
                       pattern_00005555
                               EQU              0x00005555
   67 00000000 0000AAAA 
                       pattern_0000aaaa
                               EQU              0x0000aaaa
   68 00000000 05550515 
                       pattern_05550515
                               EQU              0x05550515
   69 00000000 0AAA0A2A 
                       pattern_0aaa0a2a
                               EQU              0x0aaa0a2a
   70 00000000         
   71 00000000         ;// Define PDMA regsiter base
   72 00000000 50008000 
                       PDMA_BA_ch0_base
                               EQU              0x50008000
   73 00000000 50008100 
                       PDMA_BA_ch1_base
                               EQU              0x50008100
   74 00000000 50008200 
                       PDMA_BA_ch2_base
                               EQU              0x50008200
   75 00000000 50008300 
                       PDMA_BA_ch3_base
                               EQU              0x50008300
   76 00000000 50008400 
                       PDMA_BA_ch4_base
                               EQU              0x50008400
   77 00000000 50008500 
                       PDMA_BA_ch5_base
                               EQU              0x50008500
   78 00000000 50008600 
                       PDMA_BA_ch6_base
                               EQU              0x50008600
   79 00000000 50008700 
                       PDMA_BA_ch7_base
                               EQU              0x50008700
   80 00000000         
   81 00000000 50008F00 
                       PDMA_BA_GCR
                               EQU              0x50008F00
   82 00000000 50008F00 
                       PDMA_BA_GCR_base
                               EQU              0x50008F00
   83 00000000         
   84 00000000 00000000 
                       PDMA_GCRCSR
                               EQU              0X00
   85 00000000 00000004 
                       PDMA_PDSSR2
                               EQU              0X04
   86 00000000 00000008 
                       PDMA_PDSSR1
                               EQU              0X08        ;; PDMA channel sel
                                                            ect   0x77000000



ARM Macro Assembler    Page 4 


   87 00000000 0000000C 
                       PDMA_GCRISR
                               EQU              0X0C
   88 00000000         
   89 00000000 0000FF00 
                       PDMA_GLOBAL_enable
                               EQU              0x0000FF00
   90 00000000         
   91 00000000         
   92 00000000 00000000 
                       PDMA_CSR
                               EQU              0X00
   93 00000000 00000004 
                       PDMA_SAR
                               EQU              0X04
   94 00000000 00000008 
                       PDMA_DAR
                               EQU              0X08
   95 00000000 0000000C 
                       PDMA_BCR
                               EQU              0X0C
   96 00000000 00000014 
                       PDMA_CSAR
                               EQU              0X14
   97 00000000 00000018 
                       PDMA_CDAR
                               EQU              0X18
   98 00000000 0000001C 
                       PDMA_CBSR
                               EQU              0X1C
   99 00000000 00000020 
                       PDMA_IER
                               EQU              0X20
  100 00000000 00000024 
                       PDMA_ISR
                               EQU              0X24
  101 00000000 00000028 
                       PDMA_CTCSR
                               EQU              0X28
  102 00000000 0000002C 
                       PDMA_SASOCR
                               EQU              0X2C
  103 00000000 00000030 
                       PDMA_DASOCR
                               EQU              0X30
  104 00000000 00000080 
                       PDMA_SBUF0
                               EQU              0X80
  105 00000000 00000084 
                       PDMA_SBUF1
                               EQU              0X84
  106 00000000 00000088 
                       PDMA_SBUF2
                               EQU              0X88
  107 00000000 0000008C 
                       PDMA_SBUF3
                               EQU              0X8C
  108 00000000         
  109 00000000         



ARM Macro Assembler    Page 5 


  110 00000000         ;// Define VIC control register
  111 00000000 FFFF0000 
                       VIC_base
                               EQU              0xFFFF0000
  112 00000000 0000003C 
                       VIC_SCR15
                               EQU              0x003c
  113 00000000 000000BC 
                       VIC_SVR15
                               EQU              0x00bc
  114 00000000 00000040 
                       VIC_SCR16
                               EQU              0x0040
  115 00000000 000000C0 
                       VIC_SVR16
                               EQU              0x00c0
  116 00000000 00000078 
                       VIC_SCR30
                               EQU              0x0078
  117 00000000 000000F8 
                       VIC_SVR30
                               EQU              0x00f8
  118 00000000 00000318 
                       VIC_MECR
                               EQU              0x0318
  119 00000000 0000031C 
                       VIC_MDCR
                               EQU              0x031c
  120 00000000 00000130 
                       VIC_EOSCR
                               EQU              0x0130
  121 00000000         
  122 00000000         ;//==================================
  123 00000000 50000300 
                       INT_BA_base
                               EQU              0x50000300
  124 00000000         
  125 00000000         
  126 00000000         ;// Parameter table
  127 00000000 00002980 
                       ADC_PDMA_CFG
                               EQU              0x00002980
  128 00000000 C0000000 
                       ADC_PDMA_DST
                               EQU              0xC0000000
  129 00000000 E0024200 
                       ADC_PDMA_SRC
                               EQU              0xE0024200
  130 00000000 00030008 
                       ADC_PDMA_TCBL
                               EQU              0x00030008
  131 00000000         
  132 00000000         ;//==================================
  133 00000000         
  134 00000000         
  135 00000000 50004000 
                       GPIO_base
                               EQU              0x50004000
  136 00000000 00000040 



ARM Macro Assembler    Page 6 


                       GPIOB_PMD
                               EQU              0x0040
  137 00000000 00000044 
                       GPIOB_OFFD
                               EQU              0x0044
  138 00000000 00000048 
                       GPIOB_DOUT
                               EQU              0x0048
  139 00000000 0000004C 
                       GPIOB_DMASK
                               EQU              0x004C
  140 00000000 00000050 
                       GPIOB_PIN
                               EQU              0x0050
  141 00000000 00000054 
                       GPIOB_DBEN
                               EQU              0x0054
  142 00000000 00000058 
                       GPIOB_IMD
                               EQU              0x0058
  143 00000000 0000005C 
                       GPIOB_IEN
                               EQU              0x005C
  144 00000000 00000060 
                       GPIOB_ISRC
                               EQU              0x0060
  145 00000000         
  146 00000000         ;//==================================
  147 00000000         
  148 00000000         
  149 00000000 50000000 
                       GCR_base
                               EQU              0x50000000
  150 00000000 00000034 
                       GPB_MFP EQU              0x0034
  151 00000000         
  152 00000000         
  153 00000000         
  154 00000000         
  155 00000000         
  156 00000000         ;;;;;;;;;;;;;;;;;;;;;;;;;;;;;;;;;;;;;;;;;;;;;;;;;;;
  157 00000000         
  158 00000000         
  159 00000000         
  160 00000000         
  161 00000000         
  162 00000000         
  163 00000000         
  164 00000000 00000400 
                       Stack_Size
                               EQU              0x00000400
  165 00000000         
  166 00000000                 AREA             STACK, NOINIT, READWRITE, ALIGN
=3
  167 00000000         Stack_Mem
                               SPACE            Stack_Size
  168 00000400         __initial_sp
  169 00000400         
  170 00000400         



ARM Macro Assembler    Page 7 


  171 00000400         ; <h> Heap Configuration
  172 00000400         ;   <o>  Heap Size (in Bytes) <0x0-0xFFFFFFFF:8>
  173 00000400         ; </h>
  174 00000400         
  175 00000400 00000000 
                       Heap_Size
                               EQU              0x00000000
  176 00000400         
  177 00000400                 AREA             HEAP, NOINIT, READWRITE, ALIGN=
3
  178 00000000         __heap_base
  179 00000000         Heap_Mem
                               SPACE            Heap_Size
  180 00000000         __heap_limit
  181 00000000         
  182 00000000         
  183 00000000                 PRESERVE8
  184 00000000                 THUMB
  185 00000000         
  186 00000000         
  187 00000000         ; Vector Table Mapped to Address 0 at Reset
  188 00000000                 AREA             RESET, DATA, READONLY
  189 00000000                 EXPORT           __Vectors
  190 00000000         
  191 00000000 00000000 
                       __Vectors
                               DCD              __initial_sp ; Top of Stack
  192 00000004 00000000        DCD              Reset_Handler ; Reset Handler
  193 00000008 00000000        DCD              NMI_Handler ; NMI Handler
  194 0000000C 00000000        DCD              HardFault_Handler ; Hard Fault 
                                                            Handler
  195 00000010 00000000        DCD              0           ; Reserved
  196 00000014 00000000        DCD              0           ; Reserved
  197 00000018 00000000        DCD              0           ; Reserved
  198 0000001C 00000000        DCD              0           ; Reserved
  199 00000020 00000000        DCD              0           ; Reserved
  200 00000024 00000000        DCD              0           ; Reserved
  201 00000028 00000000        DCD              0           ; Reserved
  202 0000002C 00000000        DCD              SVC_Handler ; SVCall Handler
  203 00000030 00000000        DCD              0           ; Reserved
  204 00000034 00000000        DCD              0           ; Reserved
  205 00000038 00000000        DCD              PendSV_Handler ; PendSV Handler
                                                            
  206 0000003C 00000000        DCD              SysTick_Handler 
                                                            ; SysTick Handler
  207 00000040         
  208 00000040         ; External Interrupts
  209 00000040         ; maximum of 32 External Interrupts are possible
  210 00000040 00000000        DCD              BOD_IRQHandler
  211 00000044 00000000        DCD              WDT_IRQHandler
  212 00000048 00000000        DCD              EINT0_IRQHandler
  213 0000004C 00000000        DCD              EINT1_IRQHandler
  214 00000050 00000000        DCD              GPAB_IRQHandler
  215 00000054 00000000        DCD              GPCDEF_IRQHandler
  216 00000058 00000000        DCD              Default_Handler
  217 0000005C 00000000        DCD              Default_Handler
  218 00000060 00000000        DCD              TMR0_IRQHandler
  219 00000064 00000000        DCD              TMR1_IRQHandler
  220 00000068 00000000        DCD              TMR2_IRQHandler



ARM Macro Assembler    Page 8 


  221 0000006C 00000000        DCD              TMR3_IRQHandler
  222 00000070 00000000        DCD              UART02_IRQHandler
  223 00000074 00000000        DCD              UART1_IRQHandler
  224 00000078 00000000        DCD              SPI0_IRQHandler
  225 0000007C 00000000        DCD              UART3_IRQHandler
  226 00000080 00000000        DCD              UART4_IRQHandler
  227 00000084 00000000        DCD              UART5_IRQHandler
  228 00000088 00000000        DCD              I2C0_IRQHandler
  229 0000008C 00000000        DCD              I2C1_IRQHandler
  230 00000090 00000000        DCD              CAN0_IRQHandler
  231 00000094 00000000        DCD              CAN1_IRQHandler
  232 00000098 00000000        DCD              PWM0_IRQHandler
  233 0000009C 00000000        DCD              PWM1_IRQHandler
  234 000000A0 00000000        DCD              BPWM0_IRQHandler
  235 000000A4 00000000        DCD              BPWM1_IRQHandler
  236 000000A8 00000000        DCD              BRAKE0_IRQHandler
  237 000000AC 00000000        DCD              BRAKE1_IRQHandler
  238 000000B0 00000000        DCD              PWRWU_IRQHandler
  239 000000B4 00000000        DCD              ADC_IRQHandler
  240 000000B8 00000000        DCD              CKD_IRQHandler
  241 000000BC 00000000        DCD              RTC_IRQHandler
  242 000000C0         
  243 000000C0         
  244 000000C0         
  245 000000C0         
  246 000000C0         
  247 000000C0         
  248 000000C0         
  249 000000C0                 AREA             |.text|, CODE, READONLY
  250 00000000         
  251 00000000         
  252 00000000         
  253 00000000         ; Reset Handler 
  254 00000000         
  255 00000000                 ENTRY
  256 00000000         
  257 00000000         Reset_Handler
                               PROC
  258 00000000                 EXPORT           Reset_Handler             [WEAK
]
  259 00000000                 IMPORT           SystemInit
  260 00000000                 IMPORT           __main
  261 00000000         
  262 00000000 480A            LDR              R0, =0x50000100
  263 00000002         ; Unlock Register                
  264 00000002 490B            LDR              R1, =0x59
  265 00000004 6001            STR              R1, [R0]
  266 00000006 490B            LDR              R1, =0x16
  267 00000008 6001            STR              R1, [R0]
  268 0000000A 490B            LDR              R1, =0x88
  269 0000000C 6001            STR              R1, [R0]
  270 0000000E         
  271 0000000E         ; Init POR
  272 0000000E 4A0B            LDR              R2, =0x50000024
  273 00000010 490B            LDR              R1, =0x00005AA5
  274 00000012 6011            STR              R1, [R2]
  275 00000014         
  276 00000014         ; Lock register
  277 00000014 2100            MOVS             R1, #0



ARM Macro Assembler    Page 9 


  278 00000016 6001            STR              R1, [R0]
  279 00000018         
  280 00000018 480A            LDR              R0, =SystemInit
  281 0000001A 4780            BLX              R0
  282 0000001C 480A            LDR              R0, =__main
  283 0000001E 4700            BX               R0
  284 00000020                 ENDP
  285 00000020         
  286 00000020         
  287 00000020         ; Dummy Exception Handlers (infinite loops which can be 
                       modified)                
  288 00000020         
  289 00000020         NMI_Handler
                               PROC
  290 00000020                 EXPORT           NMI_Handler               [WEAK
]
  291 00000020 E7FE            B                .
  292 00000022                 ENDP
  294 00000022         HardFault_Handler
                               PROC
  295 00000022                 EXPORT           HardFault_Handler         [WEAK
]
  296 00000022 E7FE            B                .
  297 00000024                 ENDP
  298 00000024         SVC_Handler
                               PROC
  299 00000024                 EXPORT           SVC_Handler               [WEAK
]
  300 00000024 E7FE            B                .
  301 00000026                 ENDP
  302 00000026         PendSV_Handler
                               PROC
  303 00000026                 EXPORT           PendSV_Handler            [WEAK
]
  304 00000026 E7FE            B                .
  305 00000028                 ENDP
  306 00000028         SysTick_Handler
                               PROC
  307 00000028                 EXPORT           SysTick_Handler           [WEAK
]
  308 00000028 E7FE            B                .
  309 0000002A                 ENDP
  310 0000002A         
  311 0000002A         Default_Handler
                               PROC
  312 0000002A         
  313 0000002A                 EXPORT           BOD_IRQHandler            [WEAK
]
  314 0000002A                 EXPORT           WDT_IRQHandler            [WEAK
]
  315 0000002A                 EXPORT           EINT0_IRQHandler          [WEAK
]
  316 0000002A                 EXPORT           EINT1_IRQHandler          [WEAK
]
  317 0000002A                 EXPORT           GPAB_IRQHandler           [WEAK
]
  318 0000002A                 EXPORT           GPCDEF_IRQHandler         [WEAK
]
  319 0000002A                 EXPORT           TMR0_IRQHandler           [WEAK



ARM Macro Assembler    Page 10 


]
  320 0000002A                 EXPORT           TMR1_IRQHandler           [WEAK
]
  321 0000002A                 EXPORT           TMR2_IRQHandler           [WEAK
]
  322 0000002A                 EXPORT           TMR3_IRQHandler           [WEAK
]
  323 0000002A                 EXPORT           UART02_IRQHandler         [WEAK
]
  324 0000002A                 EXPORT           UART1_IRQHandler          [WEAK
]
  325 0000002A                 EXPORT           SPI0_IRQHandler           [WEAK
]
  326 0000002A                 EXPORT           UART3_IRQHandler          [WEAK
]
  327 0000002A                 EXPORT           UART4_IRQHandler          [WEAK
]
  328 0000002A                 EXPORT           UART5_IRQHandler          [WEAK
]
  329 0000002A                 EXPORT           I2C0_IRQHandler           [WEAK
]
  330 0000002A                 EXPORT           I2C1_IRQHandler           [WEAK
]
  331 0000002A                 EXPORT           CAN0_IRQHandler           [WEAK
]
  332 0000002A                 EXPORT           CAN1_IRQHandler           [WEAK
]
  333 0000002A                 EXPORT           PWM0_IRQHandler           [WEAK
]
  334 0000002A                 EXPORT           PWM1_IRQHandler           [WEAK
]
  335 0000002A                 EXPORT           BPWM0_IRQHandler          [WEAK
]
  336 0000002A                 EXPORT           BPWM1_IRQHandler          [WEAK
]
  337 0000002A                 EXPORT           BRAKE0_IRQHandler         [WEAK
]
  338 0000002A                 EXPORT           BRAKE1_IRQHandler         [WEAK
]
  339 0000002A                 EXPORT           PWRWU_IRQHandler          [WEAK
]
  340 0000002A                 EXPORT           ADC_IRQHandler            [WEAK
]
  341 0000002A                 EXPORT           CKD_IRQHandler            [WEAK
]
  342 0000002A                 EXPORT           RTC_IRQHandler            [WEAK
]
  343 0000002A         
  344 0000002A         BOD_IRQHandler
  345 0000002A         WDT_IRQHandler
  346 0000002A         EINT0_IRQHandler
  347 0000002A         EINT1_IRQHandler
  348 0000002A         GPAB_IRQHandler
  349 0000002A         GPCDEF_IRQHandler
  350 0000002A         TMR0_IRQHandler
  351 0000002A         TMR1_IRQHandler
  352 0000002A         TMR2_IRQHandler
  353 0000002A         TMR3_IRQHandler
  354 0000002A         UART02_IRQHandler



ARM Macro Assembler    Page 11 


  355 0000002A         UART1_IRQHandler
  356 0000002A         SPI0_IRQHandler
  357 0000002A         UART3_IRQHandler
  358 0000002A         UART4_IRQHandler
  359 0000002A         UART5_IRQHandler
  360 0000002A         I2C0_IRQHandler
  361 0000002A         I2C1_IRQHandler
  362 0000002A         CAN0_IRQHandler
  363 0000002A         CAN1_IRQHandler
  364 0000002A         PWM0_IRQHandler
  365 0000002A         PWM1_IRQHandler
  366 0000002A         BPWM0_IRQHandler
  367 0000002A         BPWM1_IRQHandler
  368 0000002A         BRAKE0_IRQHandler
  369 0000002A         BRAKE1_IRQHandler
  370 0000002A         PWRWU_IRQHandler
  371 0000002A         ADC_IRQHandler
  372 0000002A         CKD_IRQHandler
  373 0000002A         RTC_IRQHandler
  374 0000002A E7FE            B                .
  375 0000002C                 ENDP
  376 0000002C         
  377 0000002C         
  378 0000002C                 ALIGN
  379 0000002C         
  380 0000002C         
  381 0000002C         ; User Initial Stack & Heap
  382 0000002C         
  383 0000002C                 IF               :DEF:__MICROLIB
  384 0000002C         
  385 0000002C                 EXPORT           __initial_sp
  386 0000002C                 EXPORT           __heap_base
  387 0000002C                 EXPORT           __heap_limit
  388 0000002C         
  389 0000002C                 ELSE
  403                          ENDIF
  404 0000002C         
  405 0000002C                 END
              50000100 
              00000059 
              00000016 
              00000088 
              50000024 
              00005AA5 
              00000000 
              00000000 
Command Line: --16 --debug --xref --diag_suppress=9931 --cpu=Cortex-M0 --apcs=i
nterwork --depend=.\obj\startup_m0518.d -o.\obj\startup_m0518.o -IC:\Keil_v5\AR
M\RV31\INC -IC:\Keil_v5\ARM\CMSIS\Include --predefine="__MICROLIB SETA 1" --pre
define="__UVISION_VERSION SETA 527" --list=.\lst\startup_m0518.lst ..\..\Librar
y\Device\Nuvoton\M0518\Source\ARM\startup_M0518.s



ARM Macro Assembler    Page 1 Alphabetic symbol ordering
Relocatable symbols

STACK 00000000

Symbol: STACK
   Definitions
      At line 166 in file ..\..\Library\Device\Nuvoton\M0518\Source\ARM\startup
_M0518.s
   Uses
      None
Comment: STACK unused
Stack_Mem 00000000

Symbol: Stack_Mem
   Definitions
      At line 167 in file ..\..\Library\Device\Nuvoton\M0518\Source\ARM\startup
_M0518.s
   Uses
      None
Comment: Stack_Mem unused
__initial_sp 00000400

Symbol: __initial_sp
   Definitions
      At line 168 in file ..\..\Library\Device\Nuvoton\M0518\Source\ARM\startup
_M0518.s
   Uses
      At line 191 in file ..\..\Library\Device\Nuvoton\M0518\Source\ARM\startup
_M0518.s
      At line 385 in file ..\..\Library\Device\Nuvoton\M0518\Source\ARM\startup
_M0518.s

3 symbols



ARM Macro Assembler    Page 1 Alphabetic symbol ordering
Relocatable symbols

HEAP 00000000

Symbol: HEAP
   Definitions
      At line 177 in file ..\..\Library\Device\Nuvoton\M0518\Source\ARM\startup
_M0518.s
   Uses
      None
Comment: HEAP unused
Heap_Mem 00000000

Symbol: Heap_Mem
   Definitions
      At line 179 in file ..\..\Library\Device\Nuvoton\M0518\Source\ARM\startup
_M0518.s
   Uses
      None
Comment: Heap_Mem unused
__heap_base 00000000

Symbol: __heap_base
   Definitions
      At line 178 in file ..\..\Library\Device\Nuvoton\M0518\Source\ARM\startup
_M0518.s
   Uses
      At line 386 in file ..\..\Library\Device\Nuvoton\M0518\Source\ARM\startup
_M0518.s
Comment: __heap_base used once
__heap_limit 00000000

Symbol: __heap_limit
   Definitions
      At line 180 in file ..\..\Library\Device\Nuvoton\M0518\Source\ARM\startup
_M0518.s
   Uses
      At line 387 in file ..\..\Library\Device\Nuvoton\M0518\Source\ARM\startup
_M0518.s
Comment: __heap_limit used once
4 symbols



ARM Macro Assembler    Page 1 Alphabetic symbol ordering
Relocatable symbols

RESET 00000000

Symbol: RESET
   Definitions
      At line 188 in file ..\..\Library\Device\Nuvoton\M0518\Source\ARM\startup
_M0518.s
   Uses
      None
Comment: RESET unused
__Vectors 00000000

Symbol: __Vectors
   Definitions
      At line 191 in file ..\..\Library\Device\Nuvoton\M0518\Source\ARM\startup
_M0518.s
   Uses
      At line 189 in file ..\..\Library\Device\Nuvoton\M0518\Source\ARM\startup
_M0518.s
Comment: __Vectors used once
2 symbols



ARM Macro Assembler    Page 1 Alphabetic symbol ordering
Relocatable symbols

.text 00000000

Symbol: .text
   Definitions
      At line 249 in file ..\..\Library\Device\Nuvoton\M0518\Source\ARM\startup
_M0518.s
   Uses
      None
Comment: .text unused
ADC_IRQHandler 0000002A

Symbol: ADC_IRQHandler
   Definitions
      At line 371 in file ..\..\Library\Device\Nuvoton\M0518\Source\ARM\startup
_M0518.s
   Uses
      At line 239 in file ..\..\Library\Device\Nuvoton\M0518\Source\ARM\startup
_M0518.s
      At line 340 in file ..\..\Library\Device\Nuvoton\M0518\Source\ARM\startup
_M0518.s

BOD_IRQHandler 0000002A

Symbol: BOD_IRQHandler
   Definitions
      At line 344 in file ..\..\Library\Device\Nuvoton\M0518\Source\ARM\startup
_M0518.s
   Uses
      At line 210 in file ..\..\Library\Device\Nuvoton\M0518\Source\ARM\startup
_M0518.s
      At line 313 in file ..\..\Library\Device\Nuvoton\M0518\Source\ARM\startup
_M0518.s

BPWM0_IRQHandler 0000002A

Symbol: BPWM0_IRQHandler
   Definitions
      At line 366 in file ..\..\Library\Device\Nuvoton\M0518\Source\ARM\startup
_M0518.s
   Uses
      At line 234 in file ..\..\Library\Device\Nuvoton\M0518\Source\ARM\startup
_M0518.s
      At line 335 in file ..\..\Library\Device\Nuvoton\M0518\Source\ARM\startup
_M0518.s

BPWM1_IRQHandler 0000002A

Symbol: BPWM1_IRQHandler
   Definitions
      At line 367 in file ..\..\Library\Device\Nuvoton\M0518\Source\ARM\startup
_M0518.s
   Uses
      At line 235 in file ..\..\Library\Device\Nuvoton\M0518\Source\ARM\startup
_M0518.s
      At line 336 in file ..\..\Library\Device\Nuvoton\M0518\Source\ARM\startup
_M0518.s

BRAKE0_IRQHandler 0000002A




ARM Macro Assembler    Page 2 Alphabetic symbol ordering
Relocatable symbols

Symbol: BRAKE0_IRQHandler
   Definitions
      At line 368 in file ..\..\Library\Device\Nuvoton\M0518\Source\ARM\startup
_M0518.s
   Uses
      At line 236 in file ..\..\Library\Device\Nuvoton\M0518\Source\ARM\startup
_M0518.s
      At line 337 in file ..\..\Library\Device\Nuvoton\M0518\Source\ARM\startup
_M0518.s

BRAKE1_IRQHandler 0000002A

Symbol: BRAKE1_IRQHandler
   Definitions
      At line 369 in file ..\..\Library\Device\Nuvoton\M0518\Source\ARM\startup
_M0518.s
   Uses
      At line 237 in file ..\..\Library\Device\Nuvoton\M0518\Source\ARM\startup
_M0518.s
      At line 338 in file ..\..\Library\Device\Nuvoton\M0518\Source\ARM\startup
_M0518.s

CAN0_IRQHandler 0000002A

Symbol: CAN0_IRQHandler
   Definitions
      At line 362 in file ..\..\Library\Device\Nuvoton\M0518\Source\ARM\startup
_M0518.s
   Uses
      At line 230 in file ..\..\Library\Device\Nuvoton\M0518\Source\ARM\startup
_M0518.s
      At line 331 in file ..\..\Library\Device\Nuvoton\M0518\Source\ARM\startup
_M0518.s

CAN1_IRQHandler 0000002A

Symbol: CAN1_IRQHandler
   Definitions
      At line 363 in file ..\..\Library\Device\Nuvoton\M0518\Source\ARM\startup
_M0518.s
   Uses
      At line 231 in file ..\..\Library\Device\Nuvoton\M0518\Source\ARM\startup
_M0518.s
      At line 332 in file ..\..\Library\Device\Nuvoton\M0518\Source\ARM\startup
_M0518.s

CKD_IRQHandler 0000002A

Symbol: CKD_IRQHandler
   Definitions
      At line 372 in file ..\..\Library\Device\Nuvoton\M0518\Source\ARM\startup
_M0518.s
   Uses
      At line 240 in file ..\..\Library\Device\Nuvoton\M0518\Source\ARM\startup
_M0518.s
      At line 341 in file ..\..\Library\Device\Nuvoton\M0518\Source\ARM\startup
_M0518.s

Default_Handler 0000002A



ARM Macro Assembler    Page 3 Alphabetic symbol ordering
Relocatable symbols


Symbol: Default_Handler
   Definitions
      At line 311 in file ..\..\Library\Device\Nuvoton\M0518\Source\ARM\startup
_M0518.s
   Uses
      At line 216 in file ..\..\Library\Device\Nuvoton\M0518\Source\ARM\startup
_M0518.s
      At line 217 in file ..\..\Library\Device\Nuvoton\M0518\Source\ARM\startup
_M0518.s

EINT0_IRQHandler 0000002A

Symbol: EINT0_IRQHandler
   Definitions
      At line 346 in file ..\..\Library\Device\Nuvoton\M0518\Source\ARM\startup
_M0518.s
   Uses
      At line 212 in file ..\..\Library\Device\Nuvoton\M0518\Source\ARM\startup
_M0518.s
      At line 315 in file ..\..\Library\Device\Nuvoton\M0518\Source\ARM\startup
_M0518.s

EINT1_IRQHandler 0000002A

Symbol: EINT1_IRQHandler
   Definitions
      At line 347 in file ..\..\Library\Device\Nuvoton\M0518\Source\ARM\startup
_M0518.s
   Uses
      At line 213 in file ..\..\Library\Device\Nuvoton\M0518\Source\ARM\startup
_M0518.s
      At line 316 in file ..\..\Library\Device\Nuvoton\M0518\Source\ARM\startup
_M0518.s

GPAB_IRQHandler 0000002A

Symbol: GPAB_IRQHandler
   Definitions
      At line 348 in file ..\..\Library\Device\Nuvoton\M0518\Source\ARM\startup
_M0518.s
   Uses
      At line 214 in file ..\..\Library\Device\Nuvoton\M0518\Source\ARM\startup
_M0518.s
      At line 317 in file ..\..\Library\Device\Nuvoton\M0518\Source\ARM\startup
_M0518.s

GPCDEF_IRQHandler 0000002A

Symbol: GPCDEF_IRQHandler
   Definitions
      At line 349 in file ..\..\Library\Device\Nuvoton\M0518\Source\ARM\startup
_M0518.s
   Uses
      At line 215 in file ..\..\Library\Device\Nuvoton\M0518\Source\ARM\startup
_M0518.s
      At line 318 in file ..\..\Library\Device\Nuvoton\M0518\Source\ARM\startup
_M0518.s




ARM Macro Assembler    Page 4 Alphabetic symbol ordering
Relocatable symbols

HardFault_Handler 00000022

Symbol: HardFault_Handler
   Definitions
      At line 294 in file ..\..\Library\Device\Nuvoton\M0518\Source\ARM\startup
_M0518.s
   Uses
      At line 194 in file ..\..\Library\Device\Nuvoton\M0518\Source\ARM\startup
_M0518.s
      At line 295 in file ..\..\Library\Device\Nuvoton\M0518\Source\ARM\startup
_M0518.s

I2C0_IRQHandler 0000002A

Symbol: I2C0_IRQHandler
   Definitions
      At line 360 in file ..\..\Library\Device\Nuvoton\M0518\Source\ARM\startup
_M0518.s
   Uses
      At line 228 in file ..\..\Library\Device\Nuvoton\M0518\Source\ARM\startup
_M0518.s
      At line 329 in file ..\..\Library\Device\Nuvoton\M0518\Source\ARM\startup
_M0518.s

I2C1_IRQHandler 0000002A

Symbol: I2C1_IRQHandler
   Definitions
      At line 361 in file ..\..\Library\Device\Nuvoton\M0518\Source\ARM\startup
_M0518.s
   Uses
      At line 229 in file ..\..\Library\Device\Nuvoton\M0518\Source\ARM\startup
_M0518.s
      At line 330 in file ..\..\Library\Device\Nuvoton\M0518\Source\ARM\startup
_M0518.s

NMI_Handler 00000020

Symbol: NMI_Handler
   Definitions
      At line 289 in file ..\..\Library\Device\Nuvoton\M0518\Source\ARM\startup
_M0518.s
   Uses
      At line 193 in file ..\..\Library\Device\Nuvoton\M0518\Source\ARM\startup
_M0518.s
      At line 290 in file ..\..\Library\Device\Nuvoton\M0518\Source\ARM\startup
_M0518.s

PWM0_IRQHandler 0000002A

Symbol: PWM0_IRQHandler
   Definitions
      At line 364 in file ..\..\Library\Device\Nuvoton\M0518\Source\ARM\startup
_M0518.s
   Uses
      At line 232 in file ..\..\Library\Device\Nuvoton\M0518\Source\ARM\startup
_M0518.s
      At line 333 in file ..\..\Library\Device\Nuvoton\M0518\Source\ARM\startup
_M0518.s



ARM Macro Assembler    Page 5 Alphabetic symbol ordering
Relocatable symbols


PWM1_IRQHandler 0000002A

Symbol: PWM1_IRQHandler
   Definitions
      At line 365 in file ..\..\Library\Device\Nuvoton\M0518\Source\ARM\startup
_M0518.s
   Uses
      At line 233 in file ..\..\Library\Device\Nuvoton\M0518\Source\ARM\startup
_M0518.s
      At line 334 in file ..\..\Library\Device\Nuvoton\M0518\Source\ARM\startup
_M0518.s

PWRWU_IRQHandler 0000002A

Symbol: PWRWU_IRQHandler
   Definitions
      At line 370 in file ..\..\Library\Device\Nuvoton\M0518\Source\ARM\startup
_M0518.s
   Uses
      At line 238 in file ..\..\Library\Device\Nuvoton\M0518\Source\ARM\startup
_M0518.s
      At line 339 in file ..\..\Library\Device\Nuvoton\M0518\Source\ARM\startup
_M0518.s

PendSV_Handler 00000026

Symbol: PendSV_Handler
   Definitions
      At line 302 in file ..\..\Library\Device\Nuvoton\M0518\Source\ARM\startup
_M0518.s
   Uses
      At line 205 in file ..\..\Library\Device\Nuvoton\M0518\Source\ARM\startup
_M0518.s
      At line 303 in file ..\..\Library\Device\Nuvoton\M0518\Source\ARM\startup
_M0518.s

RTC_IRQHandler 0000002A

Symbol: RTC_IRQHandler
   Definitions
      At line 373 in file ..\..\Library\Device\Nuvoton\M0518\Source\ARM\startup
_M0518.s
   Uses
      At line 241 in file ..\..\Library\Device\Nuvoton\M0518\Source\ARM\startup
_M0518.s
      At line 342 in file ..\..\Library\Device\Nuvoton\M0518\Source\ARM\startup
_M0518.s

Reset_Handler 00000000

Symbol: Reset_Handler
   Definitions
      At line 257 in file ..\..\Library\Device\Nuvoton\M0518\Source\ARM\startup
_M0518.s
   Uses
      At line 192 in file ..\..\Library\Device\Nuvoton\M0518\Source\ARM\startup
_M0518.s
      At line 258 in file ..\..\Library\Device\Nuvoton\M0518\Source\ARM\startup



ARM Macro Assembler    Page 6 Alphabetic symbol ordering
Relocatable symbols

_M0518.s

SPI0_IRQHandler 0000002A

Symbol: SPI0_IRQHandler
   Definitions
      At line 356 in file ..\..\Library\Device\Nuvoton\M0518\Source\ARM\startup
_M0518.s
   Uses
      At line 224 in file ..\..\Library\Device\Nuvoton\M0518\Source\ARM\startup
_M0518.s
      At line 325 in file ..\..\Library\Device\Nuvoton\M0518\Source\ARM\startup
_M0518.s

SVC_Handler 00000024

Symbol: SVC_Handler
   Definitions
      At line 298 in file ..\..\Library\Device\Nuvoton\M0518\Source\ARM\startup
_M0518.s
   Uses
      At line 202 in file ..\..\Library\Device\Nuvoton\M0518\Source\ARM\startup
_M0518.s
      At line 299 in file ..\..\Library\Device\Nuvoton\M0518\Source\ARM\startup
_M0518.s

SysTick_Handler 00000028

Symbol: SysTick_Handler
   Definitions
      At line 306 in file ..\..\Library\Device\Nuvoton\M0518\Source\ARM\startup
_M0518.s
   Uses
      At line 206 in file ..\..\Library\Device\Nuvoton\M0518\Source\ARM\startup
_M0518.s
      At line 307 in file ..\..\Library\Device\Nuvoton\M0518\Source\ARM\startup
_M0518.s

TMR0_IRQHandler 0000002A

Symbol: TMR0_IRQHandler
   Definitions
      At line 350 in file ..\..\Library\Device\Nuvoton\M0518\Source\ARM\startup
_M0518.s
   Uses
      At line 218 in file ..\..\Library\Device\Nuvoton\M0518\Source\ARM\startup
_M0518.s
      At line 319 in file ..\..\Library\Device\Nuvoton\M0518\Source\ARM\startup
_M0518.s

TMR1_IRQHandler 0000002A

Symbol: TMR1_IRQHandler
   Definitions
      At line 351 in file ..\..\Library\Device\Nuvoton\M0518\Source\ARM\startup
_M0518.s
   Uses
      At line 219 in file ..\..\Library\Device\Nuvoton\M0518\Source\ARM\startup
_M0518.s



ARM Macro Assembler    Page 7 Alphabetic symbol ordering
Relocatable symbols

      At line 320 in file ..\..\Library\Device\Nuvoton\M0518\Source\ARM\startup
_M0518.s

TMR2_IRQHandler 0000002A

Symbol: TMR2_IRQHandler
   Definitions
      At line 352 in file ..\..\Library\Device\Nuvoton\M0518\Source\ARM\startup
_M0518.s
   Uses
      At line 220 in file ..\..\Library\Device\Nuvoton\M0518\Source\ARM\startup
_M0518.s
      At line 321 in file ..\..\Library\Device\Nuvoton\M0518\Source\ARM\startup
_M0518.s

TMR3_IRQHandler 0000002A

Symbol: TMR3_IRQHandler
   Definitions
      At line 353 in file ..\..\Library\Device\Nuvoton\M0518\Source\ARM\startup
_M0518.s
   Uses
      At line 221 in file ..\..\Library\Device\Nuvoton\M0518\Source\ARM\startup
_M0518.s
      At line 322 in file ..\..\Library\Device\Nuvoton\M0518\Source\ARM\startup
_M0518.s

UART02_IRQHandler 0000002A

Symbol: UART02_IRQHandler
   Definitions
      At line 354 in file ..\..\Library\Device\Nuvoton\M0518\Source\ARM\startup
_M0518.s
   Uses
      At line 222 in file ..\..\Library\Device\Nuvoton\M0518\Source\ARM\startup
_M0518.s
      At line 323 in file ..\..\Library\Device\Nuvoton\M0518\Source\ARM\startup
_M0518.s

UART1_IRQHandler 0000002A

Symbol: UART1_IRQHandler
   Definitions
      At line 355 in file ..\..\Library\Device\Nuvoton\M0518\Source\ARM\startup
_M0518.s
   Uses
      At line 223 in file ..\..\Library\Device\Nuvoton\M0518\Source\ARM\startup
_M0518.s
      At line 324 in file ..\..\Library\Device\Nuvoton\M0518\Source\ARM\startup
_M0518.s

UART3_IRQHandler 0000002A

Symbol: UART3_IRQHandler
   Definitions
      At line 357 in file ..\..\Library\Device\Nuvoton\M0518\Source\ARM\startup
_M0518.s
   Uses
      At line 225 in file ..\..\Library\Device\Nuvoton\M0518\Source\ARM\startup



ARM Macro Assembler    Page 8 Alphabetic symbol ordering
Relocatable symbols

_M0518.s
      At line 326 in file ..\..\Library\Device\Nuvoton\M0518\Source\ARM\startup
_M0518.s

UART4_IRQHandler 0000002A

Symbol: UART4_IRQHandler
   Definitions
      At line 358 in file ..\..\Library\Device\Nuvoton\M0518\Source\ARM\startup
_M0518.s
   Uses
      At line 226 in file ..\..\Library\Device\Nuvoton\M0518\Source\ARM\startup
_M0518.s
      At line 327 in file ..\..\Library\Device\Nuvoton\M0518\Source\ARM\startup
_M0518.s

UART5_IRQHandler 0000002A

Symbol: UART5_IRQHandler
   Definitions
      At line 359 in file ..\..\Library\Device\Nuvoton\M0518\Source\ARM\startup
_M0518.s
   Uses
      At line 227 in file ..\..\Library\Device\Nuvoton\M0518\Source\ARM\startup
_M0518.s
      At line 328 in file ..\..\Library\Device\Nuvoton\M0518\Source\ARM\startup
_M0518.s

WDT_IRQHandler 0000002A

Symbol: WDT_IRQHandler
   Definitions
      At line 345 in file ..\..\Library\Device\Nuvoton\M0518\Source\ARM\startup
_M0518.s
   Uses
      At line 211 in file ..\..\Library\Device\Nuvoton\M0518\Source\ARM\startup
_M0518.s
      At line 314 in file ..\..\Library\Device\Nuvoton\M0518\Source\ARM\startup
_M0518.s

38 symbols



ARM Macro Assembler    Page 1 Alphabetic symbol ordering
Absolute symbols

ADCALD 0000003C

Symbol: ADCALD
   Definitions
      At line 61 in file ..\..\Library\Device\Nuvoton\M0518\Source\ARM\startup_
M0518.s
   Uses
      None
Comment: ADCALD unused
ADCALR 00000034

Symbol: ADCALR
   Definitions
      At line 59 in file ..\..\Library\Device\Nuvoton\M0518\Source\ARM\startup_
M0518.s
   Uses
      None
Comment: ADCALR unused
ADCFCR 00000038

Symbol: ADCFCR
   Definitions
      At line 60 in file ..\..\Library\Device\Nuvoton\M0518\Source\ARM\startup_
M0518.s
   Uses
      None
Comment: ADCFCR unused
ADCHER 00000024

Symbol: ADCHER
   Definitions
      At line 55 in file ..\..\Library\Device\Nuvoton\M0518\Source\ARM\startup_
M0518.s
   Uses
      None
Comment: ADCHER unused
ADCMPR0 00000028

Symbol: ADCMPR0
   Definitions
      At line 56 in file ..\..\Library\Device\Nuvoton\M0518\Source\ARM\startup_
M0518.s
   Uses
      None
Comment: ADCMPR0 unused
ADCMPR1 0000002C

Symbol: ADCMPR1
   Definitions
      At line 57 in file ..\..\Library\Device\Nuvoton\M0518\Source\ARM\startup_
M0518.s
   Uses
      None
Comment: ADCMPR1 unused
ADCR 00000020

Symbol: ADCR
   Definitions
      At line 54 in file ..\..\Library\Device\Nuvoton\M0518\Source\ARM\startup_



ARM Macro Assembler    Page 2 Alphabetic symbol ordering
Absolute symbols

M0518.s
   Uses
      None
Comment: ADCR unused
ADC_COMP_CLK 50000208

Symbol: ADC_COMP_CLK
   Definitions
      At line 25 in file ..\..\Library\Device\Nuvoton\M0518\Source\ARM\startup_
M0518.s
   Uses
      None
Comment: ADC_COMP_CLK unused
ADC_PDMA_CFG 00002980

Symbol: ADC_PDMA_CFG
   Definitions
      At line 127 in file ..\..\Library\Device\Nuvoton\M0518\Source\ARM\startup
_M0518.s
   Uses
      None
Comment: ADC_PDMA_CFG unused
ADC_PDMA_DST C0000000

Symbol: ADC_PDMA_DST
   Definitions
      At line 128 in file ..\..\Library\Device\Nuvoton\M0518\Source\ARM\startup
_M0518.s
   Uses
      None
Comment: ADC_PDMA_DST unused
ADC_PDMA_SRC E0024200

Symbol: ADC_PDMA_SRC
   Definitions
      At line 129 in file ..\..\Library\Device\Nuvoton\M0518\Source\ARM\startup
_M0518.s
   Uses
      None
Comment: ADC_PDMA_SRC unused
ADC_PDMA_TCBL 00030008

Symbol: ADC_PDMA_TCBL
   Definitions
      At line 130 in file ..\..\Library\Device\Nuvoton\M0518\Source\ARM\startup
_M0518.s
   Uses
      None
Comment: ADC_PDMA_TCBL unused
ADC_base 400E0000

Symbol: ADC_base
   Definitions
      At line 45 in file ..\..\Library\Device\Nuvoton\M0518\Source\ARM\startup_
M0518.s
   Uses
      None
Comment: ADC_base unused
ADC_enable 10000000



ARM Macro Assembler    Page 3 Alphabetic symbol ordering
Absolute symbols


Symbol: ADC_enable
   Definitions
      At line 26 in file ..\..\Library\Device\Nuvoton\M0518\Source\ARM\startup_
M0518.s
   Uses
      None
Comment: ADC_enable unused
ADDR0 00000000

Symbol: ADDR0
   Definitions
      At line 46 in file ..\..\Library\Device\Nuvoton\M0518\Source\ARM\startup_
M0518.s
   Uses
      None
Comment: ADDR0 unused
ADDR1 00000004

Symbol: ADDR1
   Definitions
      At line 47 in file ..\..\Library\Device\Nuvoton\M0518\Source\ARM\startup_
M0518.s
   Uses
      None
Comment: ADDR1 unused
ADDR2 00000008

Symbol: ADDR2
   Definitions
      At line 48 in file ..\..\Library\Device\Nuvoton\M0518\Source\ARM\startup_
M0518.s
   Uses
      None
Comment: ADDR2 unused
ADDR3 0000000C

Symbol: ADDR3
   Definitions
      At line 49 in file ..\..\Library\Device\Nuvoton\M0518\Source\ARM\startup_
M0518.s
   Uses
      None
Comment: ADDR3 unused
ADDR4 00000010

Symbol: ADDR4
   Definitions
      At line 50 in file ..\..\Library\Device\Nuvoton\M0518\Source\ARM\startup_
M0518.s
   Uses
      None
Comment: ADDR4 unused
ADDR5 00000014

Symbol: ADDR5
   Definitions
      At line 51 in file ..\..\Library\Device\Nuvoton\M0518\Source\ARM\startup_
M0518.s



ARM Macro Assembler    Page 4 Alphabetic symbol ordering
Absolute symbols

   Uses
      None
Comment: ADDR5 unused
ADDR6 00000018

Symbol: ADDR6
   Definitions
      At line 52 in file ..\..\Library\Device\Nuvoton\M0518\Source\ARM\startup_
M0518.s
   Uses
      None
Comment: ADDR6 unused
ADDR7 0000001C

Symbol: ADDR7
   Definitions
      At line 53 in file ..\..\Library\Device\Nuvoton\M0518\Source\ARM\startup_
M0518.s
   Uses
      None
Comment: ADDR7 unused
ADSR 00000030

Symbol: ADSR
   Definitions
      At line 58 in file ..\..\Library\Device\Nuvoton\M0518\Source\ARM\startup_
M0518.s
   Uses
      None
Comment: ADSR unused
AHBCLK 00000004

Symbol: AHBCLK
   Definitions
      At line 13 in file ..\..\Library\Device\Nuvoton\M0518\Source\ARM\startup_
M0518.s
   Uses
      None
Comment: AHBCLK unused
APBCLK 00000008

Symbol: APBCLK
   Definitions
      At line 14 in file ..\..\Library\Device\Nuvoton\M0518\Source\ARM\startup_
M0518.s
   Uses
      None
Comment: APBCLK unused
CLKDIV 00000018

Symbol: CLKDIV
   Definitions
      At line 17 in file ..\..\Library\Device\Nuvoton\M0518\Source\ARM\startup_
M0518.s
   Uses
      None
Comment: CLKDIV unused
CLKSEL0 00000010




ARM Macro Assembler    Page 5 Alphabetic symbol ordering
Absolute symbols

Symbol: CLKSEL0
   Definitions
      At line 15 in file ..\..\Library\Device\Nuvoton\M0518\Source\ARM\startup_
M0518.s
   Uses
      None
Comment: CLKSEL0 unused
CLKSEL1 00000014

Symbol: CLKSEL1
   Definitions
      At line 16 in file ..\..\Library\Device\Nuvoton\M0518\Source\ARM\startup_
M0518.s
   Uses
      None
Comment: CLKSEL1 unused
CLK_BA_APBCLK 50000208

Symbol: CLK_BA_APBCLK
   Definitions
      At line 21 in file ..\..\Library\Device\Nuvoton\M0518\Source\ARM\startup_
M0518.s
   Uses
      None
Comment: CLK_BA_APBCLK unused
CLK_BA_base 50000200

Symbol: CLK_BA_base
   Definitions
      At line 11 in file ..\..\Library\Device\Nuvoton\M0518\Source\ARM\startup_
M0518.s
   Uses
      None
Comment: CLK_BA_base unused
CMP1CR 00000000

Symbol: CMP1CR
   Definitions
      At line 40 in file ..\..\Library\Device\Nuvoton\M0518\Source\ARM\startup_
M0518.s
   Uses
      None
Comment: CMP1CR unused
CMP2CR 00000004

Symbol: CMP2CR
   Definitions
      At line 41 in file ..\..\Library\Device\Nuvoton\M0518\Source\ARM\startup_
M0518.s
   Uses
      None
Comment: CMP2CR unused
CMPSR 00000008

Symbol: CMPSR
   Definitions
      At line 42 in file ..\..\Library\Device\Nuvoton\M0518\Source\ARM\startup_
M0518.s
   Uses



ARM Macro Assembler    Page 6 Alphabetic symbol ordering
Absolute symbols

      None
Comment: CMPSR unused
COMP_base 400D0000

Symbol: COMP_base
   Definitions
      At line 39 in file ..\..\Library\Device\Nuvoton\M0518\Source\ARM\startup_
M0518.s
   Uses
      None
Comment: COMP_base unused
COMP_enable 40000000

Symbol: COMP_enable
   Definitions
      At line 27 in file ..\..\Library\Device\Nuvoton\M0518\Source\ARM\startup_
M0518.s
   Uses
      None
Comment: COMP_enable unused
GCR_base 50000000

Symbol: GCR_base
   Definitions
      At line 149 in file ..\..\Library\Device\Nuvoton\M0518\Source\ARM\startup
_M0518.s
   Uses
      None
Comment: GCR_base unused
GPB_MFP 00000034

Symbol: GPB_MFP
   Definitions
      At line 150 in file ..\..\Library\Device\Nuvoton\M0518\Source\ARM\startup
_M0518.s
   Uses
      None
Comment: GPB_MFP unused
GPIOB_DBEN 00000054

Symbol: GPIOB_DBEN
   Definitions
      At line 141 in file ..\..\Library\Device\Nuvoton\M0518\Source\ARM\startup
_M0518.s
   Uses
      None
Comment: GPIOB_DBEN unused
GPIOB_DMASK 0000004C

Symbol: GPIOB_DMASK
   Definitions
      At line 139 in file ..\..\Library\Device\Nuvoton\M0518\Source\ARM\startup
_M0518.s
   Uses
      None
Comment: GPIOB_DMASK unused
GPIOB_DOUT 00000048

Symbol: GPIOB_DOUT



ARM Macro Assembler    Page 7 Alphabetic symbol ordering
Absolute symbols

   Definitions
      At line 138 in file ..\..\Library\Device\Nuvoton\M0518\Source\ARM\startup
_M0518.s
   Uses
      None
Comment: GPIOB_DOUT unused
GPIOB_IEN 0000005C

Symbol: GPIOB_IEN
   Definitions
      At line 143 in file ..\..\Library\Device\Nuvoton\M0518\Source\ARM\startup
_M0518.s
   Uses
      None
Comment: GPIOB_IEN unused
GPIOB_IMD 00000058

Symbol: GPIOB_IMD
   Definitions
      At line 142 in file ..\..\Library\Device\Nuvoton\M0518\Source\ARM\startup
_M0518.s
   Uses
      None
Comment: GPIOB_IMD unused
GPIOB_ISRC 00000060

Symbol: GPIOB_ISRC
   Definitions
      At line 144 in file ..\..\Library\Device\Nuvoton\M0518\Source\ARM\startup
_M0518.s
   Uses
      None
Comment: GPIOB_ISRC unused
GPIOB_OFFD 00000044

Symbol: GPIOB_OFFD
   Definitions
      At line 137 in file ..\..\Library\Device\Nuvoton\M0518\Source\ARM\startup
_M0518.s
   Uses
      None
Comment: GPIOB_OFFD unused
GPIOB_PIN 00000050

Symbol: GPIOB_PIN
   Definitions
      At line 140 in file ..\..\Library\Device\Nuvoton\M0518\Source\ARM\startup
_M0518.s
   Uses
      None
Comment: GPIOB_PIN unused
GPIOB_PMD 00000040

Symbol: GPIOB_PMD
   Definitions
      At line 136 in file ..\..\Library\Device\Nuvoton\M0518\Source\ARM\startup
_M0518.s
   Uses
      None



ARM Macro Assembler    Page 8 Alphabetic symbol ordering
Absolute symbols

Comment: GPIOB_PMD unused
GPIO_base 50004000

Symbol: GPIO_base
   Definitions
      At line 135 in file ..\..\Library\Device\Nuvoton\M0518\Source\ARM\startup
_M0518.s
   Uses
      None
Comment: GPIO_base unused
Heap_Size 00000000

Symbol: Heap_Size
   Definitions
      At line 175 in file ..\..\Library\Device\Nuvoton\M0518\Source\ARM\startup
_M0518.s
   Uses
      At line 179 in file ..\..\Library\Device\Nuvoton\M0518\Source\ARM\startup
_M0518.s
Comment: Heap_Size used once
INT_BA_base 50000300

Symbol: INT_BA_base
   Definitions
      At line 123 in file ..\..\Library\Device\Nuvoton\M0518\Source\ARM\startup
_M0518.s
   Uses
      None
Comment: INT_BA_base unused
PDMA_BA_GCR 50008F00

Symbol: PDMA_BA_GCR
   Definitions
      At line 81 in file ..\..\Library\Device\Nuvoton\M0518\Source\ARM\startup_
M0518.s
   Uses
      None
Comment: PDMA_BA_GCR unused
PDMA_BA_GCR_base 50008F00

Symbol: PDMA_BA_GCR_base
   Definitions
      At line 82 in file ..\..\Library\Device\Nuvoton\M0518\Source\ARM\startup_
M0518.s
   Uses
      None
Comment: PDMA_BA_GCR_base unused
PDMA_BA_ch0_base 50008000

Symbol: PDMA_BA_ch0_base
   Definitions
      At line 72 in file ..\..\Library\Device\Nuvoton\M0518\Source\ARM\startup_
M0518.s
   Uses
      None
Comment: PDMA_BA_ch0_base unused
PDMA_BA_ch1_base 50008100

Symbol: PDMA_BA_ch1_base



ARM Macro Assembler    Page 9 Alphabetic symbol ordering
Absolute symbols

   Definitions
      At line 73 in file ..\..\Library\Device\Nuvoton\M0518\Source\ARM\startup_
M0518.s
   Uses
      None
Comment: PDMA_BA_ch1_base unused
PDMA_BA_ch2_base 50008200

Symbol: PDMA_BA_ch2_base
   Definitions
      At line 74 in file ..\..\Library\Device\Nuvoton\M0518\Source\ARM\startup_
M0518.s
   Uses
      None
Comment: PDMA_BA_ch2_base unused
PDMA_BA_ch3_base 50008300

Symbol: PDMA_BA_ch3_base
   Definitions
      At line 75 in file ..\..\Library\Device\Nuvoton\M0518\Source\ARM\startup_
M0518.s
   Uses
      None
Comment: PDMA_BA_ch3_base unused
PDMA_BA_ch4_base 50008400

Symbol: PDMA_BA_ch4_base
   Definitions
      At line 76 in file ..\..\Library\Device\Nuvoton\M0518\Source\ARM\startup_
M0518.s
   Uses
      None
Comment: PDMA_BA_ch4_base unused
PDMA_BA_ch5_base 50008500

Symbol: PDMA_BA_ch5_base
   Definitions
      At line 77 in file ..\..\Library\Device\Nuvoton\M0518\Source\ARM\startup_
M0518.s
   Uses
      None
Comment: PDMA_BA_ch5_base unused
PDMA_BA_ch6_base 50008600

Symbol: PDMA_BA_ch6_base
   Definitions
      At line 78 in file ..\..\Library\Device\Nuvoton\M0518\Source\ARM\startup_
M0518.s
   Uses
      None
Comment: PDMA_BA_ch6_base unused
PDMA_BA_ch7_base 50008700

Symbol: PDMA_BA_ch7_base
   Definitions
      At line 79 in file ..\..\Library\Device\Nuvoton\M0518\Source\ARM\startup_
M0518.s
   Uses
      None



ARM Macro Assembler    Page 10 Alphabetic symbol ordering
Absolute symbols

Comment: PDMA_BA_ch7_base unused
PDMA_BCR 0000000C

Symbol: PDMA_BCR
   Definitions
      At line 95 in file ..\..\Library\Device\Nuvoton\M0518\Source\ARM\startup_
M0518.s
   Uses
      None
Comment: PDMA_BCR unused
PDMA_CBSR 0000001C

Symbol: PDMA_CBSR
   Definitions
      At line 98 in file ..\..\Library\Device\Nuvoton\M0518\Source\ARM\startup_
M0518.s
   Uses
      None
Comment: PDMA_CBSR unused
PDMA_CDAR 00000018

Symbol: PDMA_CDAR
   Definitions
      At line 97 in file ..\..\Library\Device\Nuvoton\M0518\Source\ARM\startup_
M0518.s
   Uses
      None
Comment: PDMA_CDAR unused
PDMA_CLK 50000204

Symbol: PDMA_CLK
   Definitions
      At line 29 in file ..\..\Library\Device\Nuvoton\M0518\Source\ARM\startup_
M0518.s
   Uses
      None
Comment: PDMA_CLK unused
PDMA_CSAR 00000014

Symbol: PDMA_CSAR
   Definitions
      At line 96 in file ..\..\Library\Device\Nuvoton\M0518\Source\ARM\startup_
M0518.s
   Uses
      None
Comment: PDMA_CSAR unused
PDMA_CSR 00000000

Symbol: PDMA_CSR
   Definitions
      At line 92 in file ..\..\Library\Device\Nuvoton\M0518\Source\ARM\startup_
M0518.s
   Uses
      None
Comment: PDMA_CSR unused
PDMA_CTCSR 00000028

Symbol: PDMA_CTCSR
   Definitions



ARM Macro Assembler    Page 11 Alphabetic symbol ordering
Absolute symbols

      At line 101 in file ..\..\Library\Device\Nuvoton\M0518\Source\ARM\startup
_M0518.s
   Uses
      None
Comment: PDMA_CTCSR unused
PDMA_DAR 00000008

Symbol: PDMA_DAR
   Definitions
      At line 94 in file ..\..\Library\Device\Nuvoton\M0518\Source\ARM\startup_
M0518.s
   Uses
      None
Comment: PDMA_DAR unused
PDMA_DASOCR 00000030

Symbol: PDMA_DASOCR
   Definitions
      At line 103 in file ..\..\Library\Device\Nuvoton\M0518\Source\ARM\startup
_M0518.s
   Uses
      None
Comment: PDMA_DASOCR unused
PDMA_GCRCSR 00000000

Symbol: PDMA_GCRCSR
   Definitions
      At line 84 in file ..\..\Library\Device\Nuvoton\M0518\Source\ARM\startup_
M0518.s
   Uses
      None
Comment: PDMA_GCRCSR unused
PDMA_GCRISR 0000000C

Symbol: PDMA_GCRISR
   Definitions
      At line 87 in file ..\..\Library\Device\Nuvoton\M0518\Source\ARM\startup_
M0518.s
   Uses
      None
Comment: PDMA_GCRISR unused
PDMA_GLOBAL_enable 0000FF00

Symbol: PDMA_GLOBAL_enable
   Definitions
      At line 89 in file ..\..\Library\Device\Nuvoton\M0518\Source\ARM\startup_
M0518.s
   Uses
      None
Comment: PDMA_GLOBAL_enable unused
PDMA_IER 00000020

Symbol: PDMA_IER
   Definitions
      At line 99 in file ..\..\Library\Device\Nuvoton\M0518\Source\ARM\startup_
M0518.s
   Uses
      None
Comment: PDMA_IER unused



ARM Macro Assembler    Page 12 Alphabetic symbol ordering
Absolute symbols

PDMA_ISR 00000024

Symbol: PDMA_ISR
   Definitions
      At line 100 in file ..\..\Library\Device\Nuvoton\M0518\Source\ARM\startup
_M0518.s
   Uses
      None
Comment: PDMA_ISR unused
PDMA_PDSSR1 00000008

Symbol: PDMA_PDSSR1
   Definitions
      At line 86 in file ..\..\Library\Device\Nuvoton\M0518\Source\ARM\startup_
M0518.s
   Uses
      None
Comment: PDMA_PDSSR1 unused
PDMA_PDSSR2 00000004

Symbol: PDMA_PDSSR2
   Definitions
      At line 85 in file ..\..\Library\Device\Nuvoton\M0518\Source\ARM\startup_
M0518.s
   Uses
      None
Comment: PDMA_PDSSR2 unused
PDMA_SAR 00000004

Symbol: PDMA_SAR
   Definitions
      At line 93 in file ..\..\Library\Device\Nuvoton\M0518\Source\ARM\startup_
M0518.s
   Uses
      None
Comment: PDMA_SAR unused
PDMA_SASOCR 0000002C

Symbol: PDMA_SASOCR
   Definitions
      At line 102 in file ..\..\Library\Device\Nuvoton\M0518\Source\ARM\startup
_M0518.s
   Uses
      None
Comment: PDMA_SASOCR unused
PDMA_SBUF0 00000080

Symbol: PDMA_SBUF0
   Definitions
      At line 104 in file ..\..\Library\Device\Nuvoton\M0518\Source\ARM\startup
_M0518.s
   Uses
      None
Comment: PDMA_SBUF0 unused
PDMA_SBUF1 00000084

Symbol: PDMA_SBUF1
   Definitions
      At line 105 in file ..\..\Library\Device\Nuvoton\M0518\Source\ARM\startup



ARM Macro Assembler    Page 13 Alphabetic symbol ordering
Absolute symbols

_M0518.s
   Uses
      None
Comment: PDMA_SBUF1 unused
PDMA_SBUF2 00000088

Symbol: PDMA_SBUF2
   Definitions
      At line 106 in file ..\..\Library\Device\Nuvoton\M0518\Source\ARM\startup
_M0518.s
   Uses
      None
Comment: PDMA_SBUF2 unused
PDMA_SBUF3 0000008C

Symbol: PDMA_SBUF3
   Definitions
      At line 107 in file ..\..\Library\Device\Nuvoton\M0518\Source\ARM\startup
_M0518.s
   Uses
      None
Comment: PDMA_SBUF3 unused
PDMA_enable 00000003

Symbol: PDMA_enable
   Definitions
      At line 30 in file ..\..\Library\Device\Nuvoton\M0518\Source\ARM\startup_
M0518.s
   Uses
      None
Comment: PDMA_enable unused
PLLCON 00000020

Symbol: PLLCON
   Definitions
      At line 18 in file ..\..\Library\Device\Nuvoton\M0518\Source\ARM\startup_
M0518.s
   Uses
      None
Comment: PLLCON unused
PWRCON 00000000

Symbol: PWRCON
   Definitions
      At line 12 in file ..\..\Library\Device\Nuvoton\M0518\Source\ARM\startup_
M0518.s
   Uses
      None
Comment: PWRCON unused
Stack_Size 00000400

Symbol: Stack_Size
   Definitions
      At line 164 in file ..\..\Library\Device\Nuvoton\M0518\Source\ARM\startup
_M0518.s
   Uses
      At line 167 in file ..\..\Library\Device\Nuvoton\M0518\Source\ARM\startup
_M0518.s
Comment: Stack_Size used once



ARM Macro Assembler    Page 14 Alphabetic symbol ordering
Absolute symbols

TEST_S 00000030

Symbol: TEST_S
   Definitions
      At line 19 in file ..\..\Library\Device\Nuvoton\M0518\Source\ARM\startup_
M0518.s
   Uses
      None
Comment: TEST_S unused
VIC_EOSCR 00000130

Symbol: VIC_EOSCR
   Definitions
      At line 120 in file ..\..\Library\Device\Nuvoton\M0518\Source\ARM\startup
_M0518.s
   Uses
      None
Comment: VIC_EOSCR unused
VIC_MDCR 0000031C

Symbol: VIC_MDCR
   Definitions
      At line 119 in file ..\..\Library\Device\Nuvoton\M0518\Source\ARM\startup
_M0518.s
   Uses
      None
Comment: VIC_MDCR unused
VIC_MECR 00000318

Symbol: VIC_MECR
   Definitions
      At line 118 in file ..\..\Library\Device\Nuvoton\M0518\Source\ARM\startup
_M0518.s
   Uses
      None
Comment: VIC_MECR unused
VIC_SCR15 0000003C

Symbol: VIC_SCR15
   Definitions
      At line 112 in file ..\..\Library\Device\Nuvoton\M0518\Source\ARM\startup
_M0518.s
   Uses
      None
Comment: VIC_SCR15 unused
VIC_SCR16 00000040

Symbol: VIC_SCR16
   Definitions
      At line 114 in file ..\..\Library\Device\Nuvoton\M0518\Source\ARM\startup
_M0518.s
   Uses
      None
Comment: VIC_SCR16 unused
VIC_SCR30 00000078

Symbol: VIC_SCR30
   Definitions
      At line 116 in file ..\..\Library\Device\Nuvoton\M0518\Source\ARM\startup



ARM Macro Assembler    Page 15 Alphabetic symbol ordering
Absolute symbols

_M0518.s
   Uses
      None
Comment: VIC_SCR30 unused
VIC_SVR15 000000BC

Symbol: VIC_SVR15
   Definitions
      At line 113 in file ..\..\Library\Device\Nuvoton\M0518\Source\ARM\startup
_M0518.s
   Uses
      None
Comment: VIC_SVR15 unused
VIC_SVR16 000000C0

Symbol: VIC_SVR16
   Definitions
      At line 115 in file ..\..\Library\Device\Nuvoton\M0518\Source\ARM\startup
_M0518.s
   Uses
      None
Comment: VIC_SVR16 unused
VIC_SVR30 000000F8

Symbol: VIC_SVR30
   Definitions
      At line 117 in file ..\..\Library\Device\Nuvoton\M0518\Source\ARM\startup
_M0518.s
   Uses
      None
Comment: VIC_SVR30 unused
VIC_base FFFF0000

Symbol: VIC_base
   Definitions
      At line 111 in file ..\..\Library\Device\Nuvoton\M0518\Source\ARM\startup
_M0518.s
   Uses
      None
Comment: VIC_base unused
pattern_00005555 00005555

Symbol: pattern_00005555
   Definitions
      At line 66 in file ..\..\Library\Device\Nuvoton\M0518\Source\ARM\startup_
M0518.s
   Uses
      None
Comment: pattern_00005555 unused
pattern_0000aaaa 0000AAAA

Symbol: pattern_0000aaaa
   Definitions
      At line 67 in file ..\..\Library\Device\Nuvoton\M0518\Source\ARM\startup_
M0518.s
   Uses
      None
Comment: pattern_0000aaaa unused
pattern_05550515 05550515



ARM Macro Assembler    Page 16 Alphabetic symbol ordering
Absolute symbols


Symbol: pattern_05550515
   Definitions
      At line 68 in file ..\..\Library\Device\Nuvoton\M0518\Source\ARM\startup_
M0518.s
   Uses
      None
Comment: pattern_05550515 unused
pattern_0aaa0a2a 0AAA0A2A

Symbol: pattern_0aaa0a2a
   Definitions
      At line 69 in file ..\..\Library\Device\Nuvoton\M0518\Source\ARM\startup_
M0518.s
   Uses
      None
Comment: pattern_0aaa0a2a unused
pattern_55555555 55555555

Symbol: pattern_55555555
   Definitions
      At line 64 in file ..\..\Library\Device\Nuvoton\M0518\Source\ARM\startup_
M0518.s
   Uses
      None
Comment: pattern_55555555 unused
pattern_aaaaaaaa AAAAAAAA

Symbol: pattern_aaaaaaaa
   Definitions
      At line 65 in file ..\..\Library\Device\Nuvoton\M0518\Source\ARM\startup_
M0518.s
   Uses
      None
Comment: pattern_aaaaaaaa unused
102 symbols



ARM Macro Assembler    Page 1 Alphabetic symbol ordering
External symbols

SystemInit 00000000

Symbol: SystemInit
   Definitions
      At line 259 in file ..\..\Library\Device\Nuvoton\M0518\Source\ARM\startup
_M0518.s
   Uses
      At line 280 in file ..\..\Library\Device\Nuvoton\M0518\Source\ARM\startup
_M0518.s
Comment: SystemInit used once
__main 00000000

Symbol: __main
   Definitions
      At line 260 in file ..\..\Library\Device\Nuvoton\M0518\Source\ARM\startup
_M0518.s
   Uses
      At line 282 in file ..\..\Library\Device\Nuvoton\M0518\Source\ARM\startup
_M0518.s
Comment: __main used once
2 symbols
485 symbols in table
